<?xml version="1.0" encoding="UTF-8"?>
<!-- Generated by org.testng.reporters.JUnitReportReporter -->
<testsuite hostname="ECSTVM-ALICEAJ" failures="0" tests="1" name="tests.HomePageTest" time="277.534" errors="0" timestamp="2024-12-24T19:24:47 GST" skipped="0">
  <testcase classname="tests.HomePageTest" name="RecipeAtoETest" time="277.534"/>
  <system-out/>
</testsuite> <!-- tests.HomePageTest -->
